[2026-07-01 09:58:05] [Info] Listing installed packages using w
[2026-07-01 09:58:13] [Info] Found 163 result(s)
[2026-07-01 09:58:13] [Info] Operation completed successfully
[2026-07-01 10:00:13] [Error] Operation failed: The term 'Invoke-AdvancedUninstall' is not recognized as the name of a cmdlet, function, script file, or operable program. Check the spelling of the name, or if a path was included, verify that the path is correct and try again.
[2026-07-01 10:04:22] [Info] Starting advanced uninstall for: 3D Viewer
[2026-07-01 10:04:33] [Error] Advanced uninstall failed for '3D Viewer': No installed application found matching '3D Viewer'
[2026-07-01 10:04:33] [Info] Uninstalling 3D Viewer using multiple methods with fallbacks
[2026-07-01 10:04:40] [Info] Will try uninstall methods in order: winget, powershell
[2026-07-01 10:04:40] [Info] Attempting uninstall with winget...
[2026-07-01 10:04:57] [Warning] Uninstall failed with winget: Winget uninstall failed:    -    \                                                                                                                         No installed package found matching input criteria.
Package not found: MSIX\Microsoft.Microsoft3DViewer_6.1908...
No installed package found matching input criteria.
Package not found: 6.1908.2042.0

[2026-07-01 10:04:59] [Info] Attempting uninstall with powershell...
[2026-07-01 10:06:07] [Warning] Uninstall failed with powershell: PowerShell uninstall failed: All methods exhausted
[2026-07-01 10:06:07] [Error] All uninstall methods failed for all packages
[2026-07-01 10:06:07] [Error] Operation failed: All uninstall methods failed. No packages were uninstalled.
[2026-07-01 10:10:14] [Info] Starting advanced uninstall for: 3D Viewer
[2026-07-01 10:10:25] [Info] Detected: 3D Viewer v from winget
[2026-07-01 10:10:25] [Info] Method 1: Using QuietUninstallString: winget uninstall "MSIX\Microsoft.Microsoft3DViewer_6.1908… 6.1908.2042.0" --silent
[2026-07-01 10:10:29] [Info] Method 2: Using UninstallString: winget uninstall "MSIX\Microsoft.Microsoft3DViewer_6.1908… 6.1908.2042.0"
[2026-07-01 10:10:30] [Info] Method 4: Winget uninstall: winget uninstall "3D Viewer"
[2026-07-01 10:10:36] [Info] Method 8: PowerShell PackageManagement uninstall
[2026-07-01 10:10:42] [Error] Uninstall failed: All methods exhausted
[2026-07-01 10:10:42] [Warning] Starting forced removal for 3D Viewer
[2026-07-01 10:10:56] [Info] Removed registry: Microsoft.PowerShell.Core\Registry::HKEY_CURRENT_USER\SOFTWARE\Classes\com.microsoft.3dviewer
[2026-07-01 10:11:00] [Warning] Forced removal executed with 0 files and 1 registry keys removed
[2026-07-01 10:11:00] [Info] Operation completed successfully
[2026-07-01 10:28:46] [Info] Listing installed packages using w
[2026-07-01 10:28:49] [Info] Found 162 result(s)
[2026-07-01 10:28:49] [Info] Operation completed successfully
[2026-07-01 10:30:18] [Info] Uninstalling notepad++ using multiple methods with fallbacks
[2026-07-01 10:30:23] [Info] Will try uninstall methods in order: winget, powershell
[2026-07-01 10:30:23] [Info] Attempting uninstall with winget...
[2026-07-01 10:30:27] [Info] Uninstall succeeded using winget
[2026-07-01 10:30:27] [Warning] Some packages uninstalled successfully, others failed
[2026-07-01 10:30:27] [Error] Operation failed: Partial uninstall success: 1/ packages uninstalled.
[2026-07-01 10:38:04] [Info] PSAppDeployToolkit (PSDAT) loaded successfully
[2026-07-01 10:38:04] [Info] Uninstalling cms using multiple methods with fallbacks
[2026-07-01 10:38:10] [Info] Will try uninstall methods in order: winget, powershell
[2026-07-01 10:38:10] [Info] Attempting uninstall with winget...
[2026-07-01 10:38:47] [Info] Uninstall succeeded using winget
[2026-07-01 10:38:47] [Warning] Some packages uninstalled successfully, others failed
[2026-07-01 10:38:47] [Error] Operation failed: Partial uninstall success: 1/ packages uninstalled.
[2026-07-01 10:42:59] [Info] PSAppDeployToolkit (PSDAT) loaded successfully
[2026-07-01 10:42:59] [Info] Uninstalling cms using multiple methods with fallbacks
[2026-07-01 10:43:07] [Warning] No packages found matching 'cms'
[2026-07-01 10:43:07] [Error] Operation failed: Package 'cms' is not installed or not found by any package manager.
